make.exe all --print-data-base --no-builtin-variables --no-builtin-rules --question
make: *** No rule to make target '"src/charms_export_lib.cpp"', needed by 'all'.  Stop.

# GNU Make 4.3
# Built for Windows32
# Copyright (C) 1988-2020 Free Software Foundation, Inc.
# License GPLv3+: GNU GPL version 3 or later <http://gnu.org/licenses/gpl.html>
# This is free software: you are free to change and redistribute it.
# There is NO WARRANTY, to the extent permitted by law.

# Make data base, printed on Mon Jul 18 22:56:49 2022

# Variables

# environment
FPS_BROWSER_APP_PROFILE_STRING = Internet Explorer
# environment
SYSTEMDRIVE = C:
# environment
LUA_CPATH = ;;.\?.dll;.\?\?.dll;C:\Program Files\Lua\lib\?.dll;C:\Program Files\Lua\lib\?\?.dll;C:\Program Files\Lua\lib\socket\?.dll;C:\Program Files\Lua\lib\mime\?.dll;%APPDATA%\LuaRocks\lib\lua\5.4\?.dll;C:\Program Files\Lua\systree\lib\lua\5.4\?.dll;
# environment
LC_ALL = C
# makefile (from 'Makefile', line 12)
OUTPUT_DIR = reframework/autorun/charms_export
# environment
USERPROFILE = C:\Users\User
# environment
LOCALAPPDATA = C:\Users\User\AppData\Local
# environment
VSCODE_CWD = C:\Program Files\Microsoft VS Code
# environment
SYSTEMROOT = C:\WINDOWS
# environment
PROCESSOR_LEVEL = 25
# environment
PSMODULEPATH = C:\Program Files\WindowsPowerShell\Modules;C:\WINDOWS\system32\WindowsPowerShell\v1.0\Modules
# default
MAKE_COMMAND := make.exe
# automatic
@D = $(patsubst %/,%,$(patsubst %\,%,$(dir $@)))
# environment
LUA_DEV = C:\Program Files\Lua
# environment
CHROME_CRASHPAD_PIPE_NAME = \\.\pipe\crashpad_8400_NAJXAQWRQUNMRPFI
# environment
FPS_BROWSER_USER_PROFILE_STRING = Default
# environment
VSCODE_HANDLES_UNCAUGHT_ERRORS = true
# default
.VARIABLES := 
# makefile (from 'Makefile', line 7)
GAME_REFRAMEWORK_AUTORUN_DIR = $(MHR_GAME_DIRECTORY)/reframework/autorun
# automatic
%D = $(patsubst %/,%,$(patsubst %\,%,$(dir $%)))
# automatic
^D = $(patsubst %/,%,$(patsubst %\,%,$(dir $^)))
# automatic
%F = $(notdir $%)
# environment
VSCODE_CODE_CACHE_PATH = C:\Users\User\AppData\Roaming\Code\CachedData\b06ae3b2d2dbfe28bca3134cc6be65935cdfea6a
# environment
LANG = C
# default
.LOADED := 
# environment
TMP = C:\Users\User\AppData\Local\Temp
# default
.INCLUDE_DIRS = .
# makefile
MAKEFLAGS = pqrR
# environment
ONEDRIVE = C:\Users\User\OneDrive
# environment
POWERSHELL_DISTRIBUTION_CHANNEL = MSI:Windows 10 Pro
# makefile
CURDIR := d:/workspace/mhr_charm_exporter
# environment
APPLICATION_INSIGHTS_NO_DIAGNOSTIC_CHANNEL = 1
# automatic
*D = $(patsubst %/,%,$(patsubst %\,%,$(dir $*)))
# environment
PROGRAMFILES = C:\Program Files
# environment
MFLAGS = -pqrR
# default
.SHELLFLAGS := -c
# environment
COMMONPROGRAMW6432 = C:\Program Files\Common Files
# automatic
+D = $(patsubst %/,%,$(patsubst %\,%,$(dir $+)))
# makefile (from '.env', line 1)
MAKEFILE_LIST := Makefile .env
# automatic
@F = $(notdir $@)
# environment
VSCODE_PID = 8400
# automatic
?D = $(patsubst %/,%,$(patsubst %\,%,$(dir $?)))
# automatic
*F = $(notdir $*)
# makefile (from 'Makefile', line 16)
TEST_LIBS = Shell32.lib,Ole32.lib,Comctl32.lib,Propsys.lib,Shlwapi.lib
# environment
LUA_PATH = ;;C:\Program Files\Lua\lib\?.lua;C:\Program Files\Lua\lib\?;C:\Program Files (x86)\LuaRocks\lua\?.lua;C:\Program Files (x86)\LuaRocks\lua\?\init.lua;%APPDATA%\LuaRocks\share\lua\5.4\?.lua;%APPDATA%\LuaRocks\share\lua\5.4\?\init.lua;C:\Program Files\Lua\systree\share\lua\5.4\?.lua;C:\Program Files\Lua\systree\share\lua\5.4\?\init.lua;
# automatic
<D = $(patsubst %/,%,$(patsubst %\,%,$(dir $<)))
# environment
VSCODE_NLS_CONFIG = {"locale":"en-us","availableLanguages":{},"_languagePackSupport":true}
# makefile (from 'Makefile', line 10)
INCLUDE = $(INCLUDE);C:\Program Files\Lua\include
# environment
AMDRMPATH = C:\Program Files\AMD\RyzenMaster\
# default
MAKE_HOST := Windows32
# environment
PROGRAMDATA = C:\ProgramData
# makefile (from 'Makefile', line 13)
OUTPUT_DLL_PATH = $(OUTPUT_DIR)\charms_export_lib.dll
# default
SHELL := sh.exe
# makefile (from '.env', line 3)
MHR_GAME_DIRECTORY = E:\SteamLibrary\steamapps\common\MonsterHunterRise
# environment
HOMEPATH = \Users\User
# default
MAKECMDGOALS := all
# environment
DRIVERDATA = C:\Windows\System32\Drivers\DriverData
# environment
COMSPEC = C:\WINDOWS\system32\cmd.exe
# environment
WINDIR = C:\WINDOWS
# environment
MAKELEVEL := 0
# default
MAKE = $(MAKE_COMMAND)
# environment
PATH = C:\Program Files\Lua\;C:\Program Files\Common Files\Oracle\Java\javapath;C:\Program Files\Python310\Scripts\;C:\Program Files\Python310\;C:\WINDOWS\system32;C:\WINDOWS;C:\WINDOWS\System32\Wbem;C:\WINDOWS\System32\WindowsPowerShell\v1.0\;C:\WINDOWS\System32\OpenSSH\;C:\Program Files (x86)\NVIDIA Corporation\PhysX\Common;C:\Users\User\apps\apache-maven-3.8.3\bin;D:\software\apache-subversion\bin;C:\Program Files\Microsoft VS Code\bin;C:\Users\User\apps\PuTTY\;C:\Program Files\Git\cmd;C:\Program Files\nodejs\;C:\Program Files\Docker\Docker\resources\bin;C:\ProgramData\DockerDesktop\version-bin;C:\Program Files\NVIDIA Corporation\NVIDIA NvDLISR;C:\Program Files\Java\jdk-18\bin;C:\Strawberry\c\bin;C:\Strawberry\perl\site\bin;C:\Strawberry\perl\bin;C:\msys64\mingw64\bin;C:\Program Files\dotnet\;C:\Users\User\apps\flutter\bin;C:\Program Files\Lua\systree\bin;C:\Program Files (x86)\LuaRocks;C:\Program Files\PowerShell\7\;C:\Users\User\.cargo\bin;C:\Users\User\AppData\Local\Microsoft\WindowsApps;C:\Users\User\AppData\Roaming\npm;C:\Users\User\AppData\Local\gitkraken\bin;C:\Users\User\AppData\Local\GitHubDesktop\bin;C:\Users\User\AppData\Roaming\Python\Python310\Scripts;C:\Users\User\.dotnet\tools;C:\Users\User\AppData\Roaming\LuaRocks\bin;
# environment
COMPUTERNAME = DESKTOP-2B0JJSC
# default
MAKEFILES := 
# automatic
^F = $(notdir $^)
# environment
PROMPT = $P$G
# environment
LOGONSERVER = \\DESKTOP-2B0JJSC
# environment
USERNAME = User
# environment
COMMONPROGRAMFILES = C:\Program Files\Common Files
# automatic
?F = $(notdir $?)
# environment
PROGRAMW6432 = C:\Program Files
# environment
PATHEXT = .COM;.EXE;.BAT;.CMD;.VBS;.VBE;.JS;.JSE;.WSF;.WSH;.MSC;.PY;.PYW;.wlua;.lexe
# automatic
+F = $(notdir $+)
# environment
ORIGINAL_XDG_CURRENT_DESKTOP = undefined
# environment
USERDOMAIN = DESKTOP-2B0JJSC
# 'override' directive
GNUMAKEFLAGS := 
# environment
OS = Windows_NT
# environment
__COMPAT_LAYER = DetectorsAppHealth
# makefile
.DEFAULT_GOAL := all
# default
MAKE_VERSION := 4.3
# environment
PROGRAMFILES(X86) = C:\Program Files (x86)
# environment
USERDOMAIN_ROAMINGPROFILE = DESKTOP-2B0JJSC
# environment
NUMBER_OF_PROCESSORS = 12
# environment
PUBLIC = C:\Users\Public
# environment
APPDATA = C:\Users\User\AppData\Roaming
# environment
HOMEDRIVE = C:
# environment
PROCESSOR_ARCHITECTURE = AMD64
# environment
VSCODE_AMD_ENTRYPOINT = vs/workbench/api/node/extensionHostProcess
# environment
COMMONPROGRAMFILES(X86) = C:\Program Files (x86)\Common Files
# environment
ELECTRON_RUN_AS_NODE = 1
# environment
TEMP = C:\Users\User\AppData\Local\Temp
# environment
VSCODE_IPC_HOOK = \\.\pipe\ddf78b73f802b4b105ac4da8ec09dfcf-1.69.1-main-sock
# default
.RECIPEPREFIX := 
# automatic
<F = $(notdir $<)
# default
SUFFIXES := 
# environment
ALLUSERSPROFILE = C:\ProgramData
# environment
SESSIONNAME = Console
# default
.FEATURES := target-specific order-only second-expansion else-if shortest-stem undefine oneshell nocomment grouped-target extra-prereqs archives jobserver output-sync load
# environment
PROCESSOR_REVISION = 2100
# environment
PROCESSOR_IDENTIFIER = AMD64 Family 25 Model 33 Stepping 0, AuthenticAMD
# variable set hash-table stats:
# Load=100/1024=10%, Rehash=0, Collisions=10/130=8%

# Pattern-specific Variable Values

# No pattern-specific variable values.

# Directories

# . (key d:/workspace/mhr_charm_exporter, mtime 1658156209): 11 files, no impossibilities.

# 11 files, no impossibilities in 1 directories.

# Implicit Rules

# No implicit rules.

# Files

# Not a target:
src/test.cpp:
#  Implicit rule search has not been done.
#  Modification time never checked.
#  File has not been updated.

# Not a target:
.env:
#  Implicit rule search has been done.
#  Last modified 2022-07-16 20:29:10
#  File has been updated.
#  Successfully updated.

# Not a target:
Makefile:
#  Implicit rule search has been done.
#  Last modified 2022-07-16 20:49:53
#  File has been updated.
#  Successfully updated.

# Not a target:
"src/charms_export_lib.cpp":
#  Implicit rule search has been done.
#  File does not exist.
#  File has not been updated.

clean:
#  Implicit rule search has not been done.
#  Modification time never checked.
#  File has not been updated.
#  recipe to execute (from 'Makefile', line 41):
	del *.obj *.so *.exp *.lib

dialog: src/test.cpp
#  Implicit rule search has not been done.
#  Modification time never checked.
#  File has not been updated.
#  recipe to execute (from 'Makefile', line 35):
	cl /nologo \
		src/test.cpp \
		/link /nologo \
		/DEFAULTLIB:$(TEST_LIBS:,= /DEFAULTLIB:)

# Not a target:
.DEFAULT:
#  Implicit rule search has not been done.
#  Modification time never checked.
#  File has not been updated.

all: "src/charms_export_lib.cpp"
#  Command line target.
#  Implicit rule search has not been done.
#  File does not exist.
#  File has not been updated.
#  recipe to execute (from 'Makefile', line 19):
	cl /nologo /D_USRDLL /D_WINDLL src/charms_export_lib.cpp \
		/D "_CRT_SECURE_NO_WARNINGS" \
		/LD /link /nologo \
		/DEFAULTLIB:"C:\Program Files\Lua\lua54.lib" \
		/DLL /OUT:"$(OUTPUT_DLL_PATH)"
	del *.obj *.lib *.exp
	copy /Y \
		"reframework\autorun\charms_export.lua" \
		"$(GAME_REFRAMEWORK_AUTORUN_DIR)"
	copy /B /Y "$(OUTPUT_DLL_PATH)" "$(GAME_REFRAMEWORK_AUTORUN_DIR)/charms_export/"

test:
#  Implicit rule search has not been done.
#  Modification time never checked.
#  File has not been updated.
#  recipe to execute (from 'Makefile', line 32):
	echo $(INPUT:a=c) # Evaluates to "a and b"

# files hash-table stats:
# Load=10/1024=1%, Rehash=0, Collisions=0/24=0%
# VPATH Search Paths

# No 'vpath' search paths.

# No general ('VPATH' variable) search path.

# strcache buffers: 1 (0) / strings = 19 / storage = 167 B / avg = 8 B
# current buf: size = 8162 B / used = 167 B / count = 19 / avg = 8 B

# strcache performance: lookups = 30 / hit rate = 36%
# hash-table stats:
# Load=19/8192=0%, Rehash=0, Collisions=0/30=0%
# Finished Make data base on Mon Jul 18 22:56:49 2022

 
